Using pre-set license
Built from '2022.3/release' branch; Version is '2022.3.12f1 (4fe6e059c7ef) revision 5236448'; Using compiler version '192829333'; Build Type 'Release'
OS: 'Windows 10  (10.0.19045) 64bit CoreSingleLanguage' Language: 'en' Physical Memory: 16026 MB
BatchMode: 1, IsHumanControllingUs: 0, StartBugReporterOnCrash: 0, Is64bit: 1, IsPro: 1

COMMAND LINE ARGUMENTS:
E:\unity\system\2022.3.12f1\Editor\Unity.exe
-adb2
-batchMode
-noUpm
-name
AssetImportWorker0
-projectPath
E:/unity/project/BGN
-logFile
Logs/AssetImportWorker0.log
-srvPort
64513
Successfully changed project path to: E:/unity/project/BGN
E:/unity/project/BGN
[UnityMemory] Configuration Parameters - Can be set up in boot.config
    "memorysetup-bucket-allocator-granularity=16"
    "memorysetup-bucket-allocator-bucket-count=8"
    "memorysetup-bucket-allocator-block-size=33554432"
    "memorysetup-bucket-allocator-block-count=8"
    "memorysetup-main-allocator-block-size=16777216"
    "memorysetup-thread-allocator-block-size=16777216"
    "memorysetup-gfx-main-allocator-block-size=16777216"
    "memorysetup-gfx-thread-allocator-block-size=16777216"
    "memorysetup-cache-allocator-block-size=4194304"
    "memorysetup-typetree-allocator-block-size=2097152"
    "memorysetup-profiler-bucket-allocator-granularity=16"
    "memorysetup-profiler-bucket-allocator-bucket-count=8"
    "memorysetup-profiler-bucket-allocator-block-size=33554432"
    "memorysetup-profiler-bucket-allocator-block-count=8"
    "memorysetup-profiler-allocator-block-size=16777216"
    "memorysetup-profiler-editor-allocator-block-size=1048576"
    "memorysetup-temp-allocator-size-main=16777216"
    "memorysetup-job-temp-allocator-block-size=2097152"
    "memorysetup-job-temp-allocator-block-size-background=1048576"
    "memorysetup-job-temp-allocator-reduction-small-platforms=262144"
    "memorysetup-allocator-temp-initial-block-size-main=262144"
    "memorysetup-allocator-temp-initial-block-size-worker=262144"
    "memorysetup-temp-allocator-size-background-worker=32768"
    "memorysetup-temp-allocator-size-job-worker=262144"
    "memorysetup-temp-allocator-size-preload-manager=33554432"
    "memorysetup-temp-allocator-size-nav-mesh-worker=65536"
    "memorysetup-temp-allocator-size-audio-worker=65536"
    "memorysetup-temp-allocator-size-cloud-worker=32768"
    "memorysetup-temp-allocator-size-gi-baking-worker=262144"
    "memorysetup-temp-allocator-size-gfx=262144"
Player connection [440] Host "[IP] 192.168.1.5 [Port] 0 [Flags] 2 [Guid] 1246550865 [EditorId] 1246550865 [Version] 1048832 [Id] WindowsEditor(7,animelylia) [Debug] 1 [PackageName] WindowsEditor [ProjectName] Editor" joined multi-casting on [225.0.0.222:54997]...

Player connection [440] Host "[IP] 192.168.1.5 [Port] 0 [Flags] 2 [Guid] 1246550865 [EditorId] 1246550865 [Version] 1048832 [Id] WindowsEditor(7,animelylia) [Debug] 1 [PackageName] WindowsEditor [ProjectName] Editor" joined alternative multi-casting on [225.0.0.222:34997]...

[Physics::Module] Initialized MultithreadedJobDispatcher with 7 workers.
Refreshing native plugins compatible for Editor in 29.35 ms, found 4 plugins.
Preloading 0 native plugins for Editor in 0.00 ms.
Initialize engine version: 2022.3.12f1 (4fe6e059c7ef)
[Subsystems] Discovering subsystems at path E:/unity/system/2022.3.12f1/Editor/Data/Resources/UnitySubsystems
[Subsystems] Discovering subsystems at path E:/unity/project/BGN/Assets
GfxDevice: creating device client; threaded=0; jobified=0
Direct3D:
    Version:  Direct3D 11.0 [level 11.1]
    Renderer: Intel(R) Iris(R) Xe Graphics (ID=0x9a49)
    Vendor:   Intel
    VRAM:     8013 MB
    Driver:   27.20.100.9664
Initialize mono
Mono path[0] = 'E:/unity/system/2022.3.12f1/Editor/Data/Managed'
Mono path[1] = 'E:/unity/system/2022.3.12f1/Editor/Data/MonoBleedingEdge/lib/mono/unityjit-win32'
Mono config path = 'E:/unity/system/2022.3.12f1/Editor/Data/MonoBleedingEdge/etc'
Using monoOptions --debugger-agent=transport=dt_socket,embedding=1,server=y,suspend=n,address=127.0.0.1:56068
Begin MonoManager ReloadAssembly
Registering precompiled unity dll's ...
Register platform support module: E:/unity/system/2022.3.12f1/Editor/Data/PlaybackEngines/WebGLSupport/UnityEditor.WebGL.Extensions.dll
Register platform support module: E:/unity/system/2022.3.12f1/Editor/Data/PlaybackEngines/WindowsStandaloneSupport/UnityEditor.WindowsStandalone.Extensions.dll
Registered in 0.024731 seconds.
- Loaded All Assemblies, in  1.209 seconds
Native extension for WindowsStandalone target not found
Native extension for WebGL target not found
Mono: successfully reloaded assembly
- Finished resetting the current domain, in  0.991 seconds
Domain Reload Profiling: 2199ms
	BeginReloadAssembly (340ms)
		ExecutionOrderSort (0ms)
		DisableScriptedObjects (0ms)
		BackupInstance (0ms)
		ReleaseScriptingObjects (0ms)
		CreateAndSetChildDomain (3ms)
	RebuildCommonClasses (99ms)
	RebuildNativeTypeToScriptingClass (45ms)
	initialDomainReloadingComplete (199ms)
	LoadAllAssembliesAndSetupDomain (522ms)
		LoadAssemblies (339ms)
		RebuildTransferFunctionScriptingTraits (0ms)
		AnalyzeDomain (516ms)
			TypeCache.Refresh (513ms)
				TypeCache.ScanAssembly (479ms)
			ScanForSourceGeneratedMonoScriptInfo (1ms)
			ResolveRequiredComponents (1ms)
	FinalizeReload (993ms)
		ReleaseScriptCaches (0ms)
		RebuildScriptCaches (0ms)
		SetupLoadedEditorAssemblies (755ms)
			LogAssemblyErrors (0ms)
			InitializePlatformSupportModulesInManaged (30ms)
			SetLoadedEditorAssemblies (26ms)
			RefreshPlugins (0ms)
			BeforeProcessingInitializeOnLoad (12ms)
			ProcessInitializeOnLoadAttributes (503ms)
			ProcessInitializeOnLoadMethodAttributes (183ms)
			AfterProcessingInitializeOnLoad (0ms)
			EditorAssembliesLoaded (0ms)
		ExecutionOrderSort2 (0ms)
		AwakeInstancesAfterBackupRestoration (0ms)
========================================================================
Worker process is ready to serve import requests
Begin MonoManager ReloadAssembly
- Loaded All Assemblies, in  2.037 seconds
Refreshing native plugins compatible for Editor in 6.46 ms, found 4 plugins.
Native extension for WindowsStandalone target not found
Native extension for WebGL target not found
Package Manager log level set to [2]
[Package Manager] Server::EnsureServerProcessIsRunning -- launch failed, reason: Unity was launched with the -noUpm command-line argument
[Package Manager] UpmClient::Send -- Unable to send message (not connected to UPM process).
[Package Manager] Cannot connect to Unity Package Manager local server
Mono: successfully reloaded assembly
- Finished resetting the current domain, in  2.032 seconds
Domain Reload Profiling: 4069ms
	BeginReloadAssembly (494ms)
		ExecutionOrderSort (0ms)
		DisableScriptedObjects (28ms)
		BackupInstance (0ms)
		ReleaseScriptingObjects (0ms)
		CreateAndSetChildDomain (47ms)
	RebuildCommonClasses (110ms)
	RebuildNativeTypeToScriptingClass (41ms)
	initialDomainReloadingComplete (134ms)
	LoadAllAssembliesAndSetupDomain (1256ms)
		LoadAssemblies (857ms)
		RebuildTransferFunctionScriptingTraits (0ms)
		AnalyzeDomain (673ms)
			TypeCache.Refresh (544ms)
				TypeCache.ScanAssembly (489ms)
			ScanForSourceGeneratedMonoScriptInfo (92ms)
			ResolveRequiredComponents (33ms)
	FinalizeReload (2033ms)
		ReleaseScriptCaches (0ms)
		RebuildScriptCaches (0ms)
		SetupLoadedEditorAssemblies (1436ms)
			LogAssemblyErrors (0ms)
			InitializePlatformSupportModulesInManaged (26ms)
			SetLoadedEditorAssemblies (16ms)
			RefreshPlugins (0ms)
			BeforeProcessingInitializeOnLoad (232ms)
			ProcessInitializeOnLoadAttributes (1030ms)
			ProcessInitializeOnLoadMethodAttributes (118ms)
			AfterProcessingInitializeOnLoad (14ms)
			EditorAssembliesLoaded (1ms)
		ExecutionOrderSort2 (0ms)
		AwakeInstancesAfterBackupRestoration (17ms)
Launched and connected shader compiler UnityShaderCompiler.exe after 0.09 seconds
Refreshing native plugins compatible for Editor in 4.15 ms, found 4 plugins.
Preloading 0 native plugins for Editor in 0.00 ms.
Unloading 4023 Unused Serialized files (Serialized files now loaded: 0)
Unloading 69 unused Assets / (199.1 KB). Loaded Objects now: 4480.
Memory consumption went from 143.2 MB to 143.0 MB.
Total: 13.412100 ms (FindLiveObjects: 0.729000 ms CreateObjectMapping: 0.561300 ms MarkObjects: 11.437900 ms  DeleteObjects: 0.679700 ms)

AssetImportParameters requested are different than current active one (requested -> active):
  custom:container-demuxer-ogg: 62fdf1f143b41e24485cea50d1cbac27 -> 
  custom:video-decoder-ogg-theora: a1e56fd34408186e4bbccfd4996cb3dc -> 
  custom:framework-win-MediaFoundation: 216162199b28c13a410421893ffa2e32 -> 
  custom:CustomObjectIndexerAttribute: 756ad292c208cfabdd7b50bc23989ffe -> 
  custom:container-demuxer-webm: 4f35f7cbe854078d1ac9338744f61a02 -> 
  custom:container-muxer-webm: aa71ff27fc2769a1b78a27578f13a17b -> 
  custom:video-decoder-webm-vp8: 9c59270c3fd7afecdb556c50c9e8de78 -> 
  custom:SearchIndexIgnoredProperties: e643bd26f0fe6173181afceb89e7c659 -> 
  custom:AudioImporter_EditorPlatform: d09bf68614088b80899f8185d706f6e7 -> 
  custom:video-encoder-webm-vp8: eb34c28f22e8b96e1ab97ce403110664 -> 
  custom:audio-decoder-ogg-vorbis: bf7c407c2cedff20999df2af8eb42d56 -> 
  custom:audio-encoder-webm-vorbis: bf7c407c2cedff20999df2af8eb42d56 -> 
========================================================================
Received Import Request.
  Time since last request: 5827.374719 seconds.
  path: Assets/Tile palette/Assets/Terrain (16x16)_58.asset
  artifactKey: Guid(507d5c5a218355e41a239331d1334a9c) Importer(815301076,1909f56bfc062723c751e8b465ee728b)
Start importing Assets/Tile palette/Assets/Terrain (16x16)_58.asset using Guid(507d5c5a218355e41a239331d1334a9c) Importer(815301076,1909f56bfc062723c751e8b465ee728b)  -> (artifact id: '77de98cce101d6e25263c780b022617b') in 0.197012 seconds
Number of updated asset objects reloaded before import = 0
Number of asset objects unloaded after import = 3
========================================================================
Received Import Request.
  Time since last request: 0.000085 seconds.
  path: Assets/Tile palette/Assets/Terrain (16x16)_51.asset
  artifactKey: Guid(45d7ac9ee807e4047855e683529d0c27) Importer(815301076,1909f56bfc062723c751e8b465ee728b)
Start importing Assets/Tile palette/Assets/Terrain (16x16)_51.asset using Guid(45d7ac9ee807e4047855e683529d0c27) Importer(815301076,1909f56bfc062723c751e8b465ee728b)  -> (artifact id: 'e07f46e8bd061b3907b82eb612d915a0') in 0.022782 seconds
Number of updated asset objects reloaded before import = 0
Number of asset objects unloaded after import = 3
========================================================================
Received Import Request.
  Time since last request: 0.000169 seconds.
  path: Assets/Tile palette/Assets/Terrain (16x16)_90.asset
  artifactKey: Guid(0a436ea310c000e4dba6a16cb69ed6af) Importer(815301076,1909f56bfc062723c751e8b465ee728b)
Start importing Assets/Tile palette/Assets/Terrain (16x16)_90.asset using Guid(0a436ea310c000e4dba6a16cb69ed6af) Importer(815301076,1909f56bfc062723c751e8b465ee728b)  -> (artifact id: 'fa2bbf98a898669f13322d64113e3d48') in 0.025068 seconds
Number of updated asset objects reloaded before import = 0
Number of asset objects unloaded after import = 3
========================================================================
Received Import Request.
  Time since last request: 0.000042 seconds.
  path: Assets/Tile palette/Assets/Terrain (16x16)_55.asset
  artifactKey: Guid(d2aa299255ed45a4cbd09dd16d2d52a8) Importer(815301076,1909f56bfc062723c751e8b465ee728b)
Start importing Assets/Tile palette/Assets/Terrain (16x16)_55.asset using Guid(d2aa299255ed45a4cbd09dd16d2d52a8) Importer(815301076,1909f56bfc062723c751e8b465ee728b)  -> (artifact id: 'aec83558df3cdeb0d3dceb78fc4e2d82') in 0.020652 seconds
Number of updated asset objects reloaded before import = 0
Number of asset objects unloaded after import = 3
========================================================================
Received Import Request.
  Time since last request: 0.000024 seconds.
  path: Assets/Tile palette/Assets/Terrain (16x16)_60.asset
  artifactKey: Guid(eb699d3220976ed4484e4fc3e8758c89) Importer(815301076,1909f56bfc062723c751e8b465ee728b)
Start importing Assets/Tile palette/Assets/Terrain (16x16)_60.asset using Guid(eb699d3220976ed4484e4fc3e8758c89) Importer(815301076,1909f56bfc062723c751e8b465ee728b)  -> (artifact id: '71ecf6162499bafa13fe6eeb01be5847') in 0.025778 seconds
Number of updated asset objects reloaded before import = 0
Number of asset objects unloaded after import = 3
========================================================================
Received Import Request.
  Time since last request: 0.000046 seconds.
  path: Assets/Tile palette/Assets/Terrain (16x16)_81.asset
  artifactKey: Guid(34c9fc21d15bfeb48b229bcfcde095c8) Importer(815301076,1909f56bfc062723c751e8b465ee728b)
Start importing Assets/Tile palette/Assets/Terrain (16x16)_81.asset using Guid(34c9fc21d15bfeb48b229bcfcde095c8) Importer(815301076,1909f56bfc062723c751e8b465ee728b)  -> (artifact id: 'efbd82cf2704418485c9a347d485f21a') in 0.020934 seconds
Number of updated asset objects reloaded before import = 0
Number of asset objects unloaded after import = 3
========================================================================
Received Import Request.
  Time since last request: 0.000043 seconds.
  path: Assets/Tile palette/Assets/Terrain (16x16)_83.asset
  artifactKey: Guid(a8107d0d0bf480b44ad3095c6c4a07f6) Importer(815301076,1909f56bfc062723c751e8b465ee728b)
Start importing Assets/Tile palette/Assets/Terrain (16x16)_83.asset using Guid(a8107d0d0bf480b44ad3095c6c4a07f6) Importer(815301076,1909f56bfc062723c751e8b465ee728b)  -> (artifact id: '464efcfac21a459975bbeedcb72204a4') in 0.024268 seconds
Number of updated asset objects reloaded before import = 0
Number of asset objects unloaded after import = 3
========================================================================
Received Import Request.
  Time since last request: 0.000035 seconds.
  path: Assets/Tile palette/Assets/Yellow_14.asset
  artifactKey: Guid(bc16e5dbf16ae1a4783e56a0b6e46988) Importer(815301076,1909f56bfc062723c751e8b465ee728b)
Start importing Assets/Tile palette/Assets/Yellow_14.asset using Guid(bc16e5dbf16ae1a4783e56a0b6e46988) Importer(815301076,1909f56bfc062723c751e8b465ee728b)  -> (artifact id: '95c1b9d4fef9fa425601acd1af5924be') in 0.021727 seconds
Number of updated asset objects reloaded before import = 0
Number of asset objects unloaded after import = 3
========================================================================
Received Import Request.
  Time since last request: 0.000016 seconds.
  path: Assets/Tile palette/Assets/Terrain (16x16)_57.asset
  artifactKey: Guid(837fc972cd317984e83e62a9e3e6e75f) Importer(815301076,1909f56bfc062723c751e8b465ee728b)
Start importing Assets/Tile palette/Assets/Terrain (16x16)_57.asset using Guid(837fc972cd317984e83e62a9e3e6e75f) Importer(815301076,1909f56bfc062723c751e8b465ee728b)  -> (artifact id: '50a5c89cef36b3970ef9982e3948161e') in 0.033763 seconds
Number of updated asset objects reloaded before import = 0
Number of asset objects unloaded after import = 3
========================================================================
Received Import Request.
  Time since last request: 0.000032 seconds.
  path: Assets/Tile palette/Assets/Terrain (16x16)_82.asset
  artifactKey: Guid(114bb7815b8464344902ff70c8dd9429) Importer(815301076,1909f56bfc062723c751e8b465ee728b)
Start importing Assets/Tile palette/Assets/Terrain (16x16)_82.asset using Guid(114bb7815b8464344902ff70c8dd9429) Importer(815301076,1909f56bfc062723c751e8b465ee728b)  -> (artifact id: '8f973fd7eb002058bb19bfd806a5a22e') in 0.033072 seconds
Number of updated asset objects reloaded before import = 0
Number of asset objects unloaded after import = 3
========================================================================
Received Import Request.
  Time since last request: 0.000062 seconds.
  path: Assets/Tile palette/Assets/Terrain (16x16)_77.asset
  artifactKey: Guid(44e53fffce7db604ab538d6e29b23ba5) Importer(815301076,1909f56bfc062723c751e8b465ee728b)
Start importing Assets/Tile palette/Assets/Terrain (16x16)_77.asset using Guid(44e53fffce7db604ab538d6e29b23ba5) Importer(815301076,1909f56bfc062723c751e8b465ee728b)  -> (artifact id: 'a618bc0875a0aafe412fb18e62a7583d') in 0.031211 seconds
Number of updated asset objects reloaded before import = 0
Number of asset objects unloaded after import = 3
========================================================================
Received Import Request.
  Time since last request: 0.000049 seconds.
  path: Assets/Tile palette/Assets/Terrain (16x16)_48.asset
  artifactKey: Guid(dc60411f3c3e83f49a7b261453681a95) Importer(815301076,1909f56bfc062723c751e8b465ee728b)
Start importing Assets/Tile palette/Assets/Terrain (16x16)_48.asset using Guid(dc60411f3c3e83f49a7b261453681a95) Importer(815301076,1909f56bfc062723c751e8b465ee728b)  -> (artifact id: '319c11ae02f4833f0f9116d5f3ca2bbf') in 0.034310 seconds
Number of updated asset objects reloaded before import = 0
Number of asset objects unloaded after import = 3
========================================================================
Received Import Request.
  Time since last request: 0.000046 seconds.
  path: Assets/Tile palette/Assets/Terrain (16x16)_64.asset
  artifactKey: Guid(73ee82a738c32f34faa907c7afc22377) Importer(815301076,1909f56bfc062723c751e8b465ee728b)
Start importing Assets/Tile palette/Assets/Terrain (16x16)_64.asset using Guid(73ee82a738c32f34faa907c7afc22377) Importer(815301076,1909f56bfc062723c751e8b465ee728b)  -> (artifact id: 'd9f5365d508729ce3a650c6f1fa18c27') in 0.029191 seconds
Number of updated asset objects reloaded before import = 0
Number of asset objects unloaded after import = 3
========================================================================
Received Import Request.
  Time since last request: 0.000027 seconds.
  path: Assets/Tile palette/Assets/Terrain (16x16)_43.asset
  artifactKey: Guid(2cbf3dad1ca08474d82e59328006b8fb) Importer(815301076,1909f56bfc062723c751e8b465ee728b)
Start importing Assets/Tile palette/Assets/Terrain (16x16)_43.asset using Guid(2cbf3dad1ca08474d82e59328006b8fb) Importer(815301076,1909f56bfc062723c751e8b465ee728b)  -> (artifact id: '1a427fc34271cf31729046e1132a7495') in 0.029840 seconds
Number of updated asset objects reloaded before import = 0
Number of asset objects unloaded after import = 3
========================================================================
Received Import Request.
  Time since last request: 0.000026 seconds.
  path: Assets/Tile palette/Assets/Terrain (16x16)_84.asset
  artifactKey: Guid(73e3500d53bb9ce46ab07f04c8a150c4) Importer(815301076,1909f56bfc062723c751e8b465ee728b)
Start importing Assets/Tile palette/Assets/Terrain (16x16)_84.asset using Guid(73e3500d53bb9ce46ab07f04c8a150c4) Importer(815301076,1909f56bfc062723c751e8b465ee728b)  -> (artifact id: 'd71b6110b04c7f48b487435bd1f11e46') in 0.026828 seconds
Number of updated asset objects reloaded before import = 0
Number of asset objects unloaded after import = 3
========================================================================
Received Import Request.
  Time since last request: 0.000038 seconds.
  path: Assets/Tile palette/Assets/Terrain (16x16)_92.asset
  artifactKey: Guid(5e719600117a5d446b3bf840ccbde268) Importer(815301076,1909f56bfc062723c751e8b465ee728b)
Start importing Assets/Tile palette/Assets/Terrain (16x16)_92.asset using Guid(5e719600117a5d446b3bf840ccbde268) Importer(815301076,1909f56bfc062723c751e8b465ee728b)  -> (artifact id: 'f96794fdf65c77433d151cd66eaf9839') in 0.027822 seconds
Number of updated asset objects reloaded before import = 0
Number of asset objects unloaded after import = 3
========================================================================
Received Import Request.
  Time since last request: 0.000038 seconds.
  path: Assets/Tile palette/Assets/Terrain (16x16)_73.asset
  artifactKey: Guid(f4a01dde037c6904d94e6a922a7a863c) Importer(815301076,1909f56bfc062723c751e8b465ee728b)
Start importing Assets/Tile palette/Assets/Terrain (16x16)_73.asset using Guid(f4a01dde037c6904d94e6a922a7a863c) Importer(815301076,1909f56bfc062723c751e8b465ee728b)  -> (artifact id: '8133ab8cac5dff15b0ec89468138d7d0') in 0.026273 seconds
Number of updated asset objects reloaded before import = 0
Number of asset objects unloaded after import = 3
========================================================================
Received Import Request.
  Time since last request: 0.000069 seconds.
  path: Assets/Tile palette/Assets/Terrain (16x16)_75.asset
  artifactKey: Guid(2e9da6bf5763edc4eb614b4284ce9d64) Importer(815301076,1909f56bfc062723c751e8b465ee728b)
Start importing Assets/Tile palette/Assets/Terrain (16x16)_75.asset using Guid(2e9da6bf5763edc4eb614b4284ce9d64) Importer(815301076,1909f56bfc062723c751e8b465ee728b)  -> (artifact id: 'e092142d7ee7c483598533f3d1203c42') in 0.029770 seconds
Number of updated asset objects reloaded before import = 0
Number of asset objects unloaded after import = 3
========================================================================
Received Import Request.
  Time since last request: 0.000029 seconds.
  path: Assets/Tile palette/Assets/Terrain (16x16)_72.asset
  artifactKey: Guid(bbe35cb8a2e0a664c85585b42304366d) Importer(815301076,1909f56bfc062723c751e8b465ee728b)
Start importing Assets/Tile palette/Assets/Terrain (16x16)_72.asset using Guid(bbe35cb8a2e0a664c85585b42304366d) Importer(815301076,1909f56bfc062723c751e8b465ee728b)  -> (artifact id: 'a7ae9a6bfe11d170cae3024b192dde36') in 0.023742 seconds
Number of updated asset objects reloaded before import = 0
Number of asset objects unloaded after import = 3
========================================================================
Received Import Request.
  Time since last request: 0.000030 seconds.
  path: Assets/Tile palette/Assets/Terrain (16x16)_78.asset
  artifactKey: Guid(8384560ba3a5c1348901967909df8cd9) Importer(815301076,1909f56bfc062723c751e8b465ee728b)
Start importing Assets/Tile palette/Assets/Terrain (16x16)_78.asset using Guid(8384560ba3a5c1348901967909df8cd9) Importer(815301076,1909f56bfc062723c751e8b465ee728b)  -> (artifact id: '746913f700fff9f3582dd81c4760baca') in 0.023910 seconds
Number of updated asset objects reloaded before import = 0
Number of asset objects unloaded after import = 3
========================================================================
Received Import Request.
  Time since last request: 0.000049 seconds.
  path: Assets/Tile palette/Assets/Terrain (16x16)_79.asset
  artifactKey: Guid(11311a128288d8e45a25f60f026b3fbb) Importer(815301076,1909f56bfc062723c751e8b465ee728b)
Start importing Assets/Tile palette/Assets/Terrain (16x16)_79.asset using Guid(11311a128288d8e45a25f60f026b3fbb) Importer(815301076,1909f56bfc062723c751e8b465ee728b)  -> (artifact id: 'e3429a1352a9ce107d264b02f564e9b7') in 0.027800 seconds
Number of updated asset objects reloaded before import = 0
Number of asset objects unloaded after import = 3
========================================================================
Received Import Request.
  Time since last request: 0.000036 seconds.
  path: Assets/Tile palette/Assets/Terrain (16x16)_91.asset
  artifactKey: Guid(b60edc8c6967d7e43bebdcf9bdbc0767) Importer(815301076,1909f56bfc062723c751e8b465ee728b)
Start importing Assets/Tile palette/Assets/Terrain (16x16)_91.asset using Guid(b60edc8c6967d7e43bebdcf9bdbc0767) Importer(815301076,1909f56bfc062723c751e8b465ee728b)  -> (artifact id: 'd608bc8cef369d7b972c75523d04c8ff') in 0.027992 seconds
Number of updated asset objects reloaded before import = 0
Number of asset objects unloaded after import = 3
========================================================================
Received Import Request.
  Time since last request: 0.000036 seconds.
  path: Assets/Tile palette/Assets/Terrain (16x16)_89.asset
  artifactKey: Guid(07ee5a8c92b80d940a47334d094dc069) Importer(815301076,1909f56bfc062723c751e8b465ee728b)
Start importing Assets/Tile palette/Assets/Terrain (16x16)_89.asset using Guid(07ee5a8c92b80d940a47334d094dc069) Importer(815301076,1909f56bfc062723c751e8b465ee728b)  -> (artifact id: 'd87602597353c2b90fad1a4aebbbb051') in 0.027194 seconds
Number of updated asset objects reloaded before import = 0
Number of asset objects unloaded after import = 3
========================================================================
Received Import Request.
  Time since last request: 0.000021 seconds.
  path: Assets/Tile palette/Assets/Yellow_13.asset
  artifactKey: Guid(b21c6a3bc592ea2479e8e0512468a670) Importer(815301076,1909f56bfc062723c751e8b465ee728b)
Start importing Assets/Tile palette/Assets/Yellow_13.asset using Guid(b21c6a3bc592ea2479e8e0512468a670) Importer(815301076,1909f56bfc062723c751e8b465ee728b)  -> (artifact id: 'bcc885e9e5a10ce11089ad3df8187a10') in 0.023168 seconds
Number of updated asset objects reloaded before import = 0
Number of asset objects unloaded after import = 3
========================================================================
Received Import Request.
  Time since last request: 0.000021 seconds.
  path: Assets/Tile palette/Assets/Yellow_15.asset
  artifactKey: Guid(a47576a767421d643aaab382d4991bb9) Importer(815301076,1909f56bfc062723c751e8b465ee728b)
Start importing Assets/Tile palette/Assets/Yellow_15.asset using Guid(a47576a767421d643aaab382d4991bb9) Importer(815301076,1909f56bfc062723c751e8b465ee728b)  -> (artifact id: 'c93b21e18e0bdb1663208db7f7c53fb7') in 0.019629 seconds
Number of updated asset objects reloaded before import = 0
Number of asset objects unloaded after import = 3
========================================================================
Received Import Request.
  Time since last request: 0.000025 seconds.
  path: Assets/Tile palette/Assets/Terrain (16x16)_66.asset
  artifactKey: Guid(4b85bd684c637d94c9df6094c0934a9c) Importer(815301076,1909f56bfc062723c751e8b465ee728b)
Start importing Assets/Tile palette/Assets/Terrain (16x16)_66.asset using Guid(4b85bd684c637d94c9df6094c0934a9c) Importer(815301076,1909f56bfc062723c751e8b465ee728b)  -> (artifact id: '30c0435d3e896db2770d72b4b504d75f') in 0.021656 seconds
Number of updated asset objects reloaded before import = 0
Number of asset objects unloaded after import = 3
========================================================================
Received Import Request.
  Time since last request: 0.000031 seconds.
  path: Assets/Tile palette/Assets/Terrain (16x16)_54.asset
  artifactKey: Guid(a7ca0e7f41d29cc44a09b8b6945b04b1) Importer(815301076,1909f56bfc062723c751e8b465ee728b)
Start importing Assets/Tile palette/Assets/Terrain (16x16)_54.asset using Guid(a7ca0e7f41d29cc44a09b8b6945b04b1) Importer(815301076,1909f56bfc062723c751e8b465ee728b)  -> (artifact id: '557c374813fada3f53251ff1ccb9c1a6') in 0.023326 seconds
Number of updated asset objects reloaded before import = 0
Number of asset objects unloaded after import = 3
========================================================================
Received Import Request.
  Time since last request: 0.000044 seconds.
  path: Assets/Tile palette/Assets/Terrain (16x16)_71.asset
  artifactKey: Guid(b32e623b79792ab4fac9aec6862ce785) Importer(815301076,1909f56bfc062723c751e8b465ee728b)
Start importing Assets/Tile palette/Assets/Terrain (16x16)_71.asset using Guid(b32e623b79792ab4fac9aec6862ce785) Importer(815301076,1909f56bfc062723c751e8b465ee728b)  -> (artifact id: 'fe1d77b945a412f559a1b4ce2e096389') in 0.023545 seconds
Number of updated asset objects reloaded before import = 0
Number of asset objects unloaded after import = 3
========================================================================
Received Import Request.
  Time since last request: 0.000035 seconds.
  path: Assets/Tile palette/Assets/Terrain (16x16)_80.asset
  artifactKey: Guid(2523b28b08d6ec348830ee09df593d02) Importer(815301076,1909f56bfc062723c751e8b465ee728b)
Start importing Assets/Tile palette/Assets/Terrain (16x16)_80.asset using Guid(2523b28b08d6ec348830ee09df593d02) Importer(815301076,1909f56bfc062723c751e8b465ee728b)  -> (artifact id: '20d946e673b29325ec2a455e82bf7c46') in 0.024609 seconds
Number of updated asset objects reloaded before import = 0
Number of asset objects unloaded after import = 3
========================================================================
Received Import Request.
  Time since last request: 0.000037 seconds.
  path: Assets/Tile palette/Assets/Terrain (16x16)_94.asset
  artifactKey: Guid(f3b5d24e1748d5e428a9c2ecf53efe97) Importer(815301076,1909f56bfc062723c751e8b465ee728b)
Start importing Assets/Tile palette/Assets/Terrain (16x16)_94.asset using Guid(f3b5d24e1748d5e428a9c2ecf53efe97) Importer(815301076,1909f56bfc062723c751e8b465ee728b)  -> (artifact id: '0c61af511539e23a061a6c4f505fb7da') in 0.023895 seconds
Number of updated asset objects reloaded before import = 0
Number of asset objects unloaded after import = 3
========================================================================
Received Import Request.
  Time since last request: 1264.064106 seconds.
  path: Assets/Square.png
  artifactKey: Guid(9492b95af19425d45adb61a7c9683c3c) Importer(815301076,1909f56bfc062723c751e8b465ee728b)
Start importing Assets/Square.png using Guid(9492b95af19425d45adb61a7c9683c3c) Importer(815301076,1909f56bfc062723c751e8b465ee728b)  -> (artifact id: 'e5a08c3c8b41f1c763c4b2b8bd1aa6fc') in 0.112693 seconds
Number of updated asset objects reloaded before import = 0
Number of asset objects unloaded after import = 3
